-------------------------------------------------------------------------------
Test set: com.bank_project.Banking_Project.BankingProjectApplicationTests
-------------------------------------------------------------------------------
Tests run: 1, Failures: 0, Errors: 1, Skipped: 0, Time elapsed: 7.586 s <<< FAILURE! - in com.bank_project.Banking_Project.BankingProjectApplicationTests
contextLoads  Time elapsed: 0.009 s  <<< ERROR!
java.lang.IllegalStateException: Failed to load ApplicationContext
Caused by: org.springframework.beans.factory.BeanCreationException: Error creating bean with name 'entityManagerFactory' defined in class path resource [org/springframework/boot/autoconfigure/orm/jpa/HibernateJpaConfiguration.class]: Invocation of init method failed; nested exception is org.hibernate.AnnotationException: @OneToOne or @ManyToOne on com.bank_project.entity.Employee.branch references an unknown entity: java.util.List
Caused by: org.hibernate.AnnotationException: @OneToOne or @ManyToOne on com.bank_project.entity.Employee.branch references an unknown entity: java.util.List

